Build started 3/22/2013 11:40:47 PM.
     1>Project "E:\Pet Project Code\C++\Hypercube Wireframe Rendering\Hypercube Wireframe Rendering\Hypercube Wireframe Rendering.vcxproj" on node 2 (Build target(s)).
     1>ClCompile:
         C:\Program Files (x86)\Microsoft Visual Studio 11.0\VC\bin\CL.exe /c /I"E:\Pet Project Code\C++\SFML-VS11x32\VS11x32\include" /ZI /nologo /W3 /WX- /sdl /Od /Oy- /D WIN32 /D _DEBUG /D _CONSOLE /D _UNICODE /D UNICODE /Gm /EHsc /RTC1 /MDd /GS /fp:precise /Zc:wchar_t /Zc:forScope /Yu"stdafx.h" /Fp"Debug\Hypercube Wireframe Rendering.pch" /Fo"Debug\\" /Fd"Debug\vc110.pdb" /Gd /TP /analyze- /errorReport:prompt HyperQuad.cpp HyperTriangle.cpp HyperVertex.cpp "Hypercube Wireframe Rendering.cpp"
         Hypercube Wireframe Rendering.cpp
         HyperVertex.cpp
     1>e:\pet project code\c++\hypercube wireframe rendering\hypercube wireframe rendering\hypervertex.cpp(107): warning C4244: 'argument' : conversion from 'float' to 'int', possible loss of data
         Generating Code...
         Skipping... (no relevant changes detected)
         HyperTriangle.cpp
         HyperQuad.cpp
       Link:
         C:\Program Files (x86)\Microsoft Visual Studio 11.0\VC\bin\link.exe /ERRORREPORT:PROMPT /OUT:"E:\Pet Project Code\C++\Hypercube Wireframe Rendering\Debug\Hypercube Wireframe Rendering.exe" /INCREMENTAL /NOLOGO /LIBPATH:"E:\Pet Project Code\C++\SFML-VS11x32\VS11x32\lib" "sfml-graphics-d.lib" "sfml-window-d.lib" "sfml-system-d.lib" kernel32.lib user32.lib gdi32.lib winspool.lib comdlg32.lib advapi32.lib shell32.lib ole32.lib oleaut32.lib uuid.lib odbc32.lib odbccp32.lib /MANIFEST /MANIFESTUAC:"level='asInvoker' uiAccess='false'" /manifest:embed /DEBUG /PDB:"E:\Pet Project Code\C++\Hypercube Wireframe Rendering\Debug\Hypercube Wireframe Rendering.pdb" /SUBSYSTEM:CONSOLE /TLBID:1 /DYNAMICBASE /NXCOMPAT /IMPLIB:"E:\Pet Project Code\C++\Hypercube Wireframe Rendering\Debug\Hypercube Wireframe Rendering.lib" /MACHINE:X86 "Debug\Hypercube Wireframe Rendering.obj"
         Debug\HyperQuad.obj
         Debug\HyperTriangle.obj
         Debug\HyperVertex.obj
         Debug\stdafx.obj
         Hypercube Wireframe Rendering.vcxproj -> E:\Pet Project Code\C++\Hypercube Wireframe Rendering\Debug\Hypercube Wireframe Rendering.exe
     1>Done Building Project "E:\Pet Project Code\C++\Hypercube Wireframe Rendering\Hypercube Wireframe Rendering\Hypercube Wireframe Rendering.vcxproj" (Build target(s)).

Build succeeded.

Time Elapsed 00:00:05.90
